Command line:
   exponent_tb_isim_beh.exe
     -simmode  gui
     -simrunnum  0
     -socket  57448

Thu Apr 14 13:41:26 2022


 Elaboration Time: 0.03125 sec

 Current Memory Usage: 5150.06 Meg

 Total Signals          : 18
 Total Nets             : 41
 Total Signal Drivers   : 9
 Total Blocks           : 4
 Total Primitive Blocks : 2
 Total Processes        : 13
 Total Traceable Variables  : 22
 Total Scalar Nets and Variables : 149
Total Line Count : 65

 Total Simulation Time: 0.03125 sec

 Current Memory Usage: 4678.21 Meg

Thu Apr 14 13:50:32 2022

