ISim log file
Running: C:\Users\Student\Desktop\section6\lab1\lab1\tb_isim_beh.exe -intstyle ise -gui -tclbatch isim.cmd -wdb C:/Users/Student/Desktop/section6/lab1/lab1/tb_isim_beh.wdb 
ISim P.20131013 (signature 0x7708f090)
WARNING: A WEBPACK license was found.
WARNING: Please use Xilinx License Configuration Manager to check out a full ISim license.
WARNING: ISim will run in Lite mode. Please refer to the ISim documentation for more information on the differences between the Lite and the Full version.
This is a Lite version of ISim.
Time resolution is 1 ps
# onerror resume
# wave add /
# run all
Simulator is doing circuit initialization process.
Finished circuit initialization process.
         5 ... led output changed to        00000000
   1501000 ... Running instruction        00000001
   5243925 ... instruction        00000001 executed
   5243925 ... led output changed to        00000001
   6001000 ... Running instruction        11000000
   9176085 ... instruction        11000000 executed
   9176085 ... led output changed to        00000010
   9239715 UART0 Received byte(0001)
  10501000 ... Running instruction        00010001
  14418965 ... instruction        00010001 executed
  14418965 ... led output changed to        00000011
  15001000 ... Running instruction        11010000
  18351125 ... instruction        11010000 executed
  18351125 ... led output changed to        00000100
  18414755 UART0 Received byte(0001)
  19501000 ... Running instruction        01000100
  23594005 ... instruction        01000100 executed
  23594005 ... led output changed to        00000101
  24001000 ... Running instruction        11000000
  27526165 ... instruction        11000000 executed
  27526165 ... led output changed to        00000110
  27589795 UART0 Received byte(0002)
  28501000 ... Running instruction        01000101
  31458325 ... instruction        01000101 executed
  31458325 ... led output changed to        00000111
  33001000 ... Running instruction        11010000
  36701205 ... instruction        11010000 executed
  36701205 ... led output changed to        00001000
  36764835 UART0 Received byte(0003)
  37501000 ... Running instruction        01000100
  40633365 ... instruction        01000100 executed
  40633365 ... led output changed to        00001001
  42001000 ... Running instruction        11000000
  45876245 ... instruction        11000000 executed
  45876245 ... led output changed to        00001010
  45939875 UART0 Received byte(0005)
  46501000 ... Running instruction        01000101
  49808405 ... instruction        01000101 executed
  49808405 ... led output changed to        00001011
  51001000 ... Running instruction        11010000
  55051285 ... instruction        11010000 executed
  55051285 ... led output changed to        00001100
  55114915 UART0 Received byte(0008)
  55501000 ... Running instruction        01000100
  58983445 ... instruction        01000100 executed
  58983445 ... led output changed to        00001101
  60001000 ... Running instruction        11000000
  62915605 ... instruction        11000000 executed
  62915605 ... led output changed to        00001110
  62979235 UART0 Received byte(000D)
  64501000 ... Running instruction        01000101
  68158485 ... instruction        01000101 executed
  68158485 ... led output changed to        00001111
  69001000 ... Running instruction        11010000
  72090645 ... instruction        11010000 executed
  72090645 ... led output changed to        00010000
  72154275 UART0 Received byte(0015)
  73501000 ... Running instruction        01000100
  77333525 ... instruction        01000100 executed
  77333525 ... led output changed to        00010001
  78001000 ... Running instruction        11000000
  81265685 ... instruction        11000000 executed
  81265685 ... led output changed to        00010010
  81329315 UART0 Received byte(0022)
  82501000 ... Running instruction        01000101
  86508565 ... instruction        01000101 executed
  86508565 ... led output changed to        00010011
  87001000 ... Running instruction        11010000
  90440725 ... instruction        11010000 executed
  90440725 ... led output changed to        00010100
  90504355 UART0 Received byte(0037)
Stopped at time : 91502 us : File "C:/Users/Student/Desktop/section6/lab1/lab1/tb/tb.v" Line 76
