ISim log file
Running: C:\Users\Student\Desktop\section6\lab2\significand_tb_isim_beh.exe -intstyle ise -gui -tclbatch isim.cmd -wdb C:/Users/Student/Desktop/section6/lab2/significand_tb_isim_beh.wdb 
ISim P.20131013 (signature 0x7708f090)
WARNING: A WEBPACK license was found.
WARNING: Please use Xilinx License Configuration Manager to check out a full ISim license.
WARNING: ISim will run in Lite mode. Please refer to the ISim documentation for more information on the differences between the Lite and the Full version.
This is a Lite version of ISim.
Time resolution is 1 ps
# onerror resume
# wave add /
# run all
Simulator is doing circuit initialization process.
Finished circuit initialization process.
0
0
0
0
0
0
0
0


0
0
0
0
0
0
0
0


1
1
1
1
0
0
1
1


0
0
0
0
1
1
0
0


1
1
1
1
0
0
0
0


Stopped at time : 1180 ns : File "C:/Users/Student/Desktop/section6/lab2/significand_tb.v" Line 53
